<?xml version="1.0" encoding="utf-8"?><testsuites name="pytest tests"><testsuite name="pytest" errors="0" failures="0" skipped="0" tests="10" time="5.226" timestamp="2026-03-21T07:13:14.599350+00:00" hostname="agent-env-98896b88-4d49-4bda-b094-4abd0ba92205"><testcase classname="backend.tests.test_email_console.TestEmailConsole" name="test_send_email_l2l_confirmation_template" time="1.074" /><testcase classname="backend.tests.test_email_console.TestEmailConsole" name="test_send_email_transfer_notification_template" time="0.469" /><testcase classname="backend.tests.test_email_console.TestEmailConsole" name="test_send_email_bank_officer_template_with_custom_body" time="0.499" /><testcase classname="backend.tests.test_email_console.TestEmailConsole" name="test_send_email_custom_template" time="0.415" /><testcase classname="backend.tests.test_email_console.TestEmailConsole" name="test_send_email_requires_auth" time="0.429" /><testcase classname="backend.tests.test_email_console.TestEmailConsole" name="test_send_email_smtp_log_contains_tls_handshake" time="0.438" /><testcase classname="backend.tests.test_email_console.TestEmailConsole" name="test_send_email_headers_include_dkim_signature" time="0.423" /><testcase classname="backend.tests.test_email_console.TestEmailConsole" name="test_get_sent_emails_returns_list" time="0.426" /><testcase classname="backend.tests.test_email_console.TestEmailConsole" name="test_get_emails_requires_auth" time="0.426" /><testcase classname="backend.tests.test_email_console.TestEmailConsole" name="test_email_persisted_in_database" time="0.548" /></testsuite></testsuites>