<?xml version="1.0" encoding="utf-8"?><testsuites name="pytest tests"><testsuite name="pytest" errors="0" failures="0" skipped="0" tests="8" time="3.591" timestamp="2026-03-21T06:43:59.559557+00:00" hostname="agent-env-98896b88-4d49-4bda-b094-4abd0ba92205"><testcase classname="backend.tests.test_l2l_documents.TestL2LDocumentsAPI" name="test_l2l_documents_requires_auth" time="0.455" /><testcase classname="backend.tests.test_l2l_documents.TestL2LDocumentsAPI" name="test_l2l_documents_returns_receipt" time="0.433" /><testcase classname="backend.tests.test_l2l_documents.TestL2LDocumentsAPI" name="test_l2l_documents_has_nostro_routing" time="0.432" /><testcase classname="backend.tests.test_l2l_documents.TestL2LDocumentsAPI" name="test_l2l_documents_has_5_routing_stages" time="0.484" /><testcase classname="backend.tests.test_l2l_documents.TestL2LDocumentsAPI" name="test_l2l_documents_sender_info" time="0.454" /><testcase classname="backend.tests.test_l2l_documents.TestL2LDocumentsAPI" name="test_l2l_documents_receiver_info" time="0.450" /><testcase classname="backend.tests.test_l2l_documents.TestL2LDocumentsAPI" name="test_l2l_documents_codes" time="0.416" /><testcase classname="backend.tests.test_l2l_documents.TestL2LDocumentsAPI" name="test_l2l_documents_hex_dump" time="0.419" /></testsuite></testsuites>