<?xml version="1.0" encoding="utf-8"?><testsuites name="pytest tests"><testsuite name="pytest" errors="0" failures="0" skipped="0" tests="10" time="1.808" timestamp="2026-03-21T06:27:22.774492+00:00" hostname="agent-env-98896b88-4d49-4bda-b094-4abd0ba92205"><testcase classname="backend.tests.test_ledger_transfer_nostro.TestLedgerTransferEndpoint" name="test_ledger_transfer_returns_nostro_routing" time="0.593" /><testcase classname="backend.tests.test_ledger_transfer_nostro.TestLedgerTransferEndpoint" name="test_nostro_routing_contains_correct_nostro_details" time="0.129" /><testcase classname="backend.tests.test_ledger_transfer_nostro.TestLedgerTransferEndpoint" name="test_all_5_stages_have_correct_structure" time="0.098" /><testcase classname="backend.tests.test_ledger_transfer_nostro.TestLedgerTransferEndpoint" name="test_stage_3_has_nostro_iban" time="0.143" /><testcase classname="backend.tests.test_ledger_transfer_nostro.TestLedgerTransferEndpoint" name="test_default_amount_99_million_eur" time="0.115" /><testcase classname="backend.tests.test_ledger_transfer_nostro.TestLedgerTransferEndpoint" name="test_swift_routing_flow_in_terminal" time="0.098" /><testcase classname="backend.tests.test_ledger_transfer_nostro.TestLedgerTransferEndpoint" name="test_receiver_details_in_response" time="0.125" /><testcase classname="backend.tests.test_ledger_transfer_nostro.TestLedgerTransferEndpoint" name="test_transfer_creates_transaction_record" time="0.199" /><testcase classname="backend.tests.test_ledger_transfer_nostro.TestLedgerTransferValidation" name="test_transfer_requires_authentication" time="0.096" /><testcase classname="backend.tests.test_ledger_transfer_nostro.TestLedgerTransferValidation" name="test_transfer_requires_receiver_name" time="0.098" /></testsuite></testsuites>