<?xml version="1.0" encoding="utf-8"?><testsuites name="pytest tests"><testsuite name="pytest" errors="0" failures="0" skipped="0" tests="24" time="8.186" timestamp="2026-03-04T00:23:47.850281+00:00" hostname="agent-env-89733f67-0c13-42b2-81d5-8cac4173a364"><testcase classname="tests.test_ubs_portal.TestAuth" name="test_login_success" time="0.479" /><testcase classname="tests.test_ubs_portal.TestAuth" name="test_login_invalid_password" time="0.409" /><testcase classname="tests.test_ubs_portal.TestAuth" name="test_login_invalid_email" time="0.134" /><testcase classname="tests.test_ubs_portal.TestBalances" name="test_get_balances_authenticated" time="0.499" /><testcase classname="tests.test_ubs_portal.TestBalances" name="test_get_balances_unauthenticated" time="0.109" /><testcase classname="tests.test_ubs_portal.TestBeneficiaries" name="test_get_beneficiaries" time="0.498" /><testcase classname="tests.test_ubs_portal.TestBeneficiaries" name="test_create_beneficiary" time="0.151" /><testcase classname="tests.test_ubs_portal.TestBeneficiaries" name="test_delete_beneficiary" time="0.292" /><testcase classname="tests.test_ubs_portal.TestInternationalTransfers" name="test_create_mt103_transfer" time="0.707" /><testcase classname="tests.test_ubs_portal.TestInternationalTransfers" name="test_create_pacs008_transfer" time="0.338" /><testcase classname="tests.test_ubs_portal.TestDomesticTransfers" name="test_create_domestic_transfer" time="0.688" /><testcase classname="tests.test_ubs_portal.TestBillPayments" name="test_create_bill_payment" time="0.476" /><testcase classname="tests.test_ubs_portal.TestBillPayments" name="test_get_bill_payments" time="0.112" /><testcase classname="tests.test_ubs_portal.TestTransactionHistory" name="test_get_transactions" time="0.521" /><testcase classname="tests.test_ubs_portal.TestTransactionHistory" name="test_filter_transactions_by_type" time="0.114" /><testcase classname="tests.test_ubs_portal.TestPaymentTracking" name="test_track_payment" time="0.555" /><testcase classname="tests.test_ubs_portal.TestPaymentTracking" name="test_track_invalid_payment" time="0.116" /><testcase classname="tests.test_ubs_portal.TestServerConsole" name="test_execute_status_command" time="0.471" /><testcase classname="tests.test_ubs_portal.TestServerConsole" name="test_execute_balance_command" time="0.117" /><testcase classname="tests.test_ubs_portal.TestServerConsole" name="test_execute_help_command" time="0.119" /><testcase classname="tests.test_ubs_portal.TestServerConsole" name="test_get_server_logs" time="0.112" /><testcase classname="tests.test_ubs_portal.TestDatabase" name="test_get_collections" time="0.465" /><testcase classname="tests.test_ubs_portal.TestDatabase" name="test_get_collection_data" time="0.108" /><testcase classname="tests.test_ubs_portal.TestDashboard" name="test_get_dashboard_stats" time="0.456" /></testsuite></testsuites>